ARM GAS  /tmp/ccT4KwGt.s 			page 1


   1              		.cpu cortex-m3
   2              		.arch armv7-m
   3              		.fpu softvfp
   4              		.eabi_attribute 20, 1
   5              		.eabi_attribute 21, 1
   6              		.eabi_attribute 23, 3
   7              		.eabi_attribute 24, 1
   8              		.eabi_attribute 25, 1
   9              		.eabi_attribute 26, 1
  10              		.eabi_attribute 30, 1
  11              		.eabi_attribute 34, 1
  12              		.eabi_attribute 18, 4
  13              		.file	"led_panels_io.c"
  14              		.text
  15              	.Ltext0:
  16              		.cfi_sections	.debug_frame
  17              		.file 1 "External/led_panels_driver/Src/led_panels_io.c"
  18              		.section	.text.led_panels_io_send_data,"ax",%progbits
  19              		.align	1
  20              		.global	led_panels_io_send_data
  21              		.syntax unified
  22              		.thumb
  23              		.thumb_func
  25              	led_panels_io_send_data:
  26              	.LVL0:
  27              	.LFB65:
   1:External/led_panels_driver/Src/led_panels_io.c **** #include "led_panels_io.h"
   2:External/led_panels_driver/Src/led_panels_io.c **** #include "stm32f1xx.h"
   3:External/led_panels_driver/Src/led_panels_io.c **** 
   4:External/led_panels_driver/Src/led_panels_io.c **** extern TIM_HandleTypeDef *led_panels_tim;
   5:External/led_panels_driver/Src/led_panels_io.c **** 
   6:External/led_panels_driver/Src/led_panels_io.c **** led_panels_status led_panels_io_send_data(
   7:External/led_panels_driver/Src/led_panels_io.c ****   const uint8_t *const data,
   8:External/led_panels_driver/Src/led_panels_io.c ****   const uint16_t data_size
   9:External/led_panels_driver/Src/led_panels_io.c **** )
  10:External/led_panels_driver/Src/led_panels_io.c **** {
  28              		.loc 1 10 1 view -0
  29              		.cfi_startproc
  30              		@ args = 0, pretend = 0, frame = 0
  31              		@ frame_needed = 0, uses_anonymous_args = 0
  32              		.loc 1 10 1 is_stmt 0 view .LVU1
  33 0000 08B5     		push	{r3, lr}
  34              	.LCFI0:
  35              		.cfi_def_cfa_offset 8
  36              		.cfi_offset 3, -8
  37              		.cfi_offset 14, -4
  38 0002 0246     		mov	r2, r0
  39 0004 0B46     		mov	r3, r1
  11:External/led_panels_driver/Src/led_panels_io.c ****   return (led_panels_status)HAL_TIM_PWM_Start_DMA(
  40              		.loc 1 11 3 is_stmt 1 view .LVU2
  41              		.loc 1 11 29 is_stmt 0 view .LVU3
  42 0006 0021     		movs	r1, #0
  43              	.LVL1:
  44              		.loc 1 11 29 view .LVU4
  45 0008 0248     		ldr	r0, .L3
  46              	.LVL2:
  47              		.loc 1 11 29 view .LVU5
ARM GAS  /tmp/ccT4KwGt.s 			page 2


  48 000a 0068     		ldr	r0, [r0]
  49 000c FFF7FEFF 		bl	HAL_TIM_PWM_Start_DMA
  50              	.LVL3:
  12:External/led_panels_driver/Src/led_panels_io.c ****     led_panels_tim,
  13:External/led_panels_driver/Src/led_panels_io.c ****     TIM_CHANNEL_1,
  14:External/led_panels_driver/Src/led_panels_io.c ****     (uint32_t *)data,
  15:External/led_panels_driver/Src/led_panels_io.c ****     data_size
  16:External/led_panels_driver/Src/led_panels_io.c ****   );
  17:External/led_panels_driver/Src/led_panels_io.c **** }
  51              		.loc 1 17 1 view .LVU6
  52 0010 08BD     		pop	{r3, pc}
  53              	.L4:
  54 0012 00BF     		.align	2
  55              	.L3:
  56 0014 00000000 		.word	led_panels_tim
  57              		.cfi_endproc
  58              	.LFE65:
  60              		.text
  61              	.Letext0:
  62              		.file 2 "/usr/local/src/arm-gnu-toolchain-13.2/arm-none-eabi/include/machine/_default_types.h"
  63              		.file 3 "/usr/local/src/arm-gnu-toolchain-13.2/arm-none-eabi/include/sys/_stdint.h"
  64              		.file 4 "External/led_panels_driver/Inc/led_panels_defs.h"
  65              		.file 5 "Drivers/CMSIS/Device/ST/STM32F1xx/Include/stm32f103xb.h"
  66              		.file 6 "Drivers/STM32F1xx_HAL_Driver/Inc/stm32f1xx_hal_def.h"
  67              		.file 7 "Drivers/STM32F1xx_HAL_Driver/Inc/stm32f1xx_hal_dma.h"
  68              		.file 8 "Drivers/STM32F1xx_HAL_Driver/Inc/stm32f1xx_hal_tim.h"
ARM GAS  /tmp/ccT4KwGt.s 			page 3


DEFINED SYMBOLS
                            *ABS*:00000000 led_panels_io.c
     /tmp/ccT4KwGt.s:19     .text.led_panels_io_send_data:00000000 $t
     /tmp/ccT4KwGt.s:25     .text.led_panels_io_send_data:00000000 led_panels_io_send_data
     /tmp/ccT4KwGt.s:56     .text.led_panels_io_send_data:00000014 $d

UNDEFINED SYMBOLS
HAL_TIM_PWM_Start_DMA
led_panels_tim
